0 info it worked if it ends with ok
1 verbose cli [ '/Users/trashctrl/.nvm/versions/node/v0.12.17/bin/node',
1 verbose cli   '/Users/trashctrl/.nvm/versions/node/v0.12.17/bin/npm',
1 verbose cli   'start' ]
2 info using npm@2.15.1
3 info using node@v0.12.17
4 verbose run-script [ 'prestart', 'start', 'poststart' ]
5 info prestart portfolio@0.0.0
6 info start portfolio@0.0.0
7 verbose unsafe-perm in lifecycle true
8 info portfolio@0.0.0 Failed to exec start script
9 verbose stack Error: portfolio@0.0.0 start: `nodemon ./bin/www`
9 verbose stack spawn ENOENT
9 verbose stack     at ChildProcess.<anonymous> (/Users/trashctrl/.nvm/versions/node/v0.12.17/lib/node_modules/npm/lib/utils/spawn.js:17:16)
9 verbose stack     at ChildProcess.emit (events.js:110:17)
9 verbose stack     at maybeClose (child_process.js:1019:16)
9 verbose stack     at Process.ChildProcess._handle.onexit (child_process.js:1091:5)
10 verbose pkgid portfolio@0.0.0
11 verbose cwd /Users/trashctrl/Code/web-design/portfolio
12 error Darwin 16.3.0
13 error argv "/Users/trashctrl/.nvm/versions/node/v0.12.17/bin/node" "/Users/trashctrl/.nvm/versions/node/v0.12.17/bin/npm" "start"
14 error node v0.12.17
15 error npm  v2.15.1
16 error file sh
17 error code ELIFECYCLE
18 error errno ENOENT
19 error syscall spawn
20 error portfolio@0.0.0 start: `nodemon ./bin/www`
20 error spawn ENOENT
21 error Failed at the portfolio@0.0.0 start script 'nodemon ./bin/www'.
21 error This is most likely a problem with the portfolio package,
21 error not with npm itself.
21 error Tell the author that this fails on your system:
21 error     nodemon ./bin/www
21 error You can get information on how to open an issue for this project with:
21 error     npm bugs portfolio
21 error Or if that isn't available, you can get their info via:
21 error
21 error     npm owner ls portfolio
21 error There is likely additional logging output above.
22 verbose exit [ 1, true ]
